<?xml version="1.0" encoding="UTF-8"?>
<!-- Generated by org.testng.reporters.JUnitReportReporter -->
<testsuite skipped="0" hostname="LAPTOP-U1EG8C4F" name="com.training.sanity.tests.LoginTests" tests="1" failures="0" timestamp="2019-11-22T08:46:29 EST" time="20.791" errors="0">
  <testcase name="validLoginTest" time="20.791" classname="com.training.sanity.tests.LoginTests"/>
</testsuite> <!-- com.training.sanity.tests.LoginTests -->
